Determining if the pthread_create exist failed with the following output:
Change Dir: /home/vladimmo/M-drive/project/build/CMakeFiles/CMakeTmp

Run Build Command:"/usr/bin/make" "cmTC_9a5f6/fast"
make: Warning: File 'Makefile' has modification time 43 s in the future
/usr/bin/make -f CMakeFiles/cmTC_9a5f6.dir/build.make CMakeFiles/cmTC_9a5f6.dir/build
make[1]: Entering directory '/home/vladimmo/M-drive/project/build/CMakeFiles/CMakeTmp'
make[1]: Warning: File 'CMakeFiles/cmTC_9a5f6.dir/flags.make' has modification time 43 s in the future
Building C object CMakeFiles/cmTC_9a5f6.dir/CheckSymbolExists.c.o
/usr/bin/cc     -o CMakeFiles/cmTC_9a5f6.dir/CheckSymbolExists.c.o   -c /home/vladimmo/M-drive/project/build/CMakeFiles/CMakeTmp/CheckSymbolExists.c
Linking C executable cmTC_9a5f6
/usr/bin/cmake -E cmake_link_script CMakeFiles/cmTC_9a5f6.dir/link.txt --verbose=1
/usr/bin/cc       CMakeFiles/cmTC_9a5f6.dir/CheckSymbolExists.c.o  -o cmTC_9a5f6 -rdynamic 
CMakeFiles/cmTC_9a5f6.dir/CheckSymbolExists.c.o: In function `main':
CheckSymbolExists.c:(.text+0x16): undefined reference to `pthread_create'
collect2: error: ld returned 1 exit status
CMakeFiles/cmTC_9a5f6.dir/build.make:97: recipe for target 'cmTC_9a5f6' failed
make[1]: *** [cmTC_9a5f6] Error 1
make[1]: Leaving directory '/home/vladimmo/M-drive/project/build/CMakeFiles/CMakeTmp'
Makefile:126: recipe for target 'cmTC_9a5f6/fast' failed
make: *** [cmTC_9a5f6/fast] Error 2

File /home/vladimmo/M-drive/project/build/CMakeFiles/CMakeTmp/CheckSymbolExists.c:
/* */
#include <pthread.h>

int main(int argc, char** argv)
{
  (void)argv;
#ifndef pthread_create
  return ((int*)(&pthread_create))[argc];
#else
  (void)argc;
  return 0;
#endif
}

Determining if the function pthread_create exists in the pthreads failed with the following output:
Change Dir: /home/vladimmo/M-drive/project/build/CMakeFiles/CMakeTmp

Run Build Command:"/usr/bin/make" "cmTC_605ab/fast"
make: Warning: File 'Makefile' has modification time 43 s in the future
/usr/bin/make -f CMakeFiles/cmTC_605ab.dir/build.make CMakeFiles/cmTC_605ab.dir/build
make[1]: Entering directory '/home/vladimmo/M-drive/project/build/CMakeFiles/CMakeTmp'
make[1]: Warning: File 'CMakeFiles/cmTC_605ab.dir/flags.make' has modification time 43 s in the future
Building C object CMakeFiles/cmTC_605ab.dir/CheckFunctionExists.c.o
/usr/bin/cc    -DCHECK_FUNCTION_EXISTS=pthread_create   -o CMakeFiles/cmTC_605ab.dir/CheckFunctionExists.c.o   -c /usr/share/cmake-3.5/Modules/CheckFunctionExists.c
Linking C executable cmTC_605ab
/usr/bin/cmake -E cmake_link_script CMakeFiles/cmTC_605ab.dir/link.txt --verbose=1
/usr/bin/cc   -DCHECK_FUNCTION_EXISTS=pthread_create    CMakeFiles/cmTC_605ab.dir/CheckFunctionExists.c.o  -o cmTC_605ab -rdynamic -lpthreads 
/usr/bin/ld: cannot find -lpthreads
collect2: error: ld returned 1 exit status
CMakeFiles/cmTC_605ab.dir/build.make:97: recipe for target 'cmTC_605ab' failed
make[1]: *** [cmTC_605ab] Error 1
make[1]: Leaving directory '/home/vladimmo/M-drive/project/build/CMakeFiles/CMakeTmp'
Makefile:126: recipe for target 'cmTC_605ab/fast' failed
make: *** [cmTC_605ab/fast] Error 2


